{
  "uid" : "661a2ea78a3b5b67",
  "name" : "test_message_disappeared_after_adding_product_to_basket",
  "fullName" : "module_5.test_product_page.TestProductPage#test_message_disappeared_after_adding_product_to_basket",
  "historyId" : "b1c3189d6400963e937a7a94e38cea78",
  "time" : {
    "start" : 1624279912508,
    "stop" : 1624279919131,
    "duration" : 6623
  },
  "status" : "skipped",
  "statusMessage" : "XFAIL\n\nAssertionError: Success message is disappeared",
  "statusTrace" : "self = <module_5.test_product_page.TestProductPage object at 0x000001D533A70388>, browser = <selenium.webdriver.chrome.webdriver.WebDriver (session=\"06b6f7f8843b1270d58579d8c2933774\")>\n\n    @pytest.mark.xfail\n    def test_message_disappeared_after_adding_product_to_basket(self, browser):\n        link = \"http://selenium1py.pythonanywhere.com/catalogue/coders-at-work_207/\"\n        page = ProductPage(browser, link)\n        page.open()\n        page.add_to_basket_product()\n>       page.should_be_disappeared()\n\nmodule_5\\test_product_page.py:52: \n_ _ _ _ _ _ _ _ _ _ _ _ _ _ _ _ _ _ _ _ _ _ _ _ _ _ _ _ _ _ _ _ _ _ _ _ _ _ _ _ _ _ _ _ _ _ _ _ _ _ _ _ _ _ _ _ _ _ _ _ _ _ _ _ _ _ _ _ _ _ _ _ _ _ _ _ _ _ _ _ _ _ _ _ _ _ _ _ _ _ _ _ _ _ _ _ _ \n\nself = <module_5.pages.product_page.ProductPage object at 0x000001D533A22F08>\n\n    def should_be_disappeared(self):\n        assert self.is_disappeared(*ProductPageLocators.MESSAGE_SUCCESSFUL_PRODUCT_ADDITION), \\\n>           \"Success message is disappeared\"\nE       AssertionError: Success message is disappeared\n\nmodule_5\\pages\\product_page.py:34: AssertionError",
  "flaky" : false,
  "newFailed" : false,
  "beforeStages" : [ {
    "name" : "browser",
    "time" : {
      "start" : 1624279911207,
      "stop" : 1624279912507,
      "duration" : 1300
    },
    "status" : "passed",
    "steps" : [ ],
    "attachments" : [ ],
    "parameters" : [ ],
    "stepsCount" : 0,
    "hasContent" : false,
    "attachmentsCount" : 0,
    "shouldDisplayMessage" : false
  } ],
  "testStage" : {
    "status" : "skipped",
    "statusMessage" : "XFAIL\n\nAssertionError: Success message is disappeared",
    "statusTrace" : "self = <module_5.test_product_page.TestProductPage object at 0x000001D533A70388>, browser = <selenium.webdriver.chrome.webdriver.WebDriver (session=\"06b6f7f8843b1270d58579d8c2933774\")>\n\n    @pytest.mark.xfail\n    def test_message_disappeared_after_adding_product_to_basket(self, browser):\n        link = \"http://selenium1py.pythonanywhere.com/catalogue/coders-at-work_207/\"\n        page = ProductPage(browser, link)\n        page.open()\n        page.add_to_basket_product()\n>       page.should_be_disappeared()\n\nmodule_5\\test_product_page.py:52: \n_ _ _ _ _ _ _ _ _ _ _ _ _ _ _ _ _ _ _ _ _ _ _ _ _ _ _ _ _ _ _ _ _ _ _ _ _ _ _ _ _ _ _ _ _ _ _ _ _ _ _ _ _ _ _ _ _ _ _ _ _ _ _ _ _ _ _ _ _ _ _ _ _ _ _ _ _ _ _ _ _ _ _ _ _ _ _ _ _ _ _ _ _ _ _ _ _ \n\nself = <module_5.pages.product_page.ProductPage object at 0x000001D533A22F08>\n\n    def should_be_disappeared(self):\n        assert self.is_disappeared(*ProductPageLocators.MESSAGE_SUCCESSFUL_PRODUCT_ADDITION), \\\n>           \"Success message is disappeared\"\nE       AssertionError: Success message is disappeared\n\nmodule_5\\pages\\product_page.py:34: AssertionError",
    "steps" : [ ],
    "attachments" : [ {
      "uid" : "b05d1b86d5a0c9ec",
      "name" : "stdout",
      "source" : "b05d1b86d5a0c9ec.txt",
      "type" : "text/plain",
      "size" : 49
    } ],
    "parameters" : [ ],
    "stepsCount" : 0,
    "hasContent" : true,
    "attachmentsCount" : 1,
    "shouldDisplayMessage" : true
  },
  "afterStages" : [ {
    "name" : "browser::0",
    "time" : {
      "start" : 1624279919141,
      "stop" : 1624279921644,
      "duration" : 2503
    },
    "status" : "passed",
    "steps" : [ ],
    "attachments" : [ ],
    "parameters" : [ ],
    "stepsCount" : 0,
    "hasContent" : false,
    "attachmentsCount" : 0,
    "shouldDisplayMessage" : false
  } ],
  "labels" : [ {
    "name" : "tag",
    "value" : "@pytest.mark.xfail"
  }, {
    "name" : "parentSuite",
    "value" : "module_5"
  }, {
    "name" : "suite",
    "value" : "test_product_page"
  }, {
    "name" : "subSuite",
    "value" : "TestProductPage"
  }, {
    "name" : "host",
    "value" : "NOTEBOOK"
  }, {
    "name" : "thread",
    "value" : "8776-MainThread"
  }, {
    "name" : "framework",
    "value" : "pytest"
  }, {
    "name" : "language",
    "value" : "cpython3"
  }, {
    "name" : "package",
    "value" : "module_5.test_product_page"
  }, {
    "name" : "resultFormat",
    "value" : "allure2"
  } ],
  "parameters" : [ ],
  "links" : [ ],
  "hidden" : false,
  "retry" : false,
  "extra" : {
    "severity" : "normal",
    "retries" : [ ],
    "categories" : [ ],
    "tags" : [ "@pytest.mark.xfail" ]
  },
  "source" : "661a2ea78a3b5b67.json",
  "parameterValues" : [ ]
}